<?xml version="1.0" encoding="UTF-8"?>
<testsuite xmlns:xsi="http://www.w3.org/2001/XMLSchema-instance" xsi:noNamespaceSchemaLocation="https://maven.apache.org/surefire/maven-surefire-plugin/xsd/surefire-test-report-3.0.xsd" version="3.0" name="charlyday.ccd.CcdApplicationTests" time="4.55" tests="1" errors="0" skipped="0" failures="0">
  <properties>
    <property name="java.specification.version" value="21"/>
    <property name="sun.jnu.encoding" value="UTF-8"/>
    <property name="java.class.path" value="/Users/thomas_mchl/IdeaProjects/crazy_charly_day_2025/serveur/target/test-classes:/Users/thomas_mchl/IdeaProjects/crazy_charly_day_2025/serveur/target/classes:/Users/thomas_mchl/.m2/repository/org/springframework/boot/spring-boot-starter-actuator/3.3.8/spring-boot-starter-actuator-3.3.8.jar:/Users/thomas_mchl/.m2/repository/org/springframework/boot/spring-boot-starter/3.3.8/spring-boot-starter-3.3.8.jar:/Users/thomas_mchl/.m2/repository/org/springframework/boot/spring-boot/3.3.8/spring-boot-3.3.8.jar:/Users/thomas_mchl/.m2/repository/org/springframework/boot/spring-boot-autoconfigure/3.3.8/spring-boot-autoconfigure-3.3.8.jar:/Users/thomas_mchl/.m2/repository/org/springframework/boot/spring-boot-starter-logging/3.3.8/spring-boot-starter-logging-3.3.8.jar:/Users/thomas_mchl/.m2/repository/ch/qos/logback/logback-classic/1.5.16/logback-classic-1.5.16.jar:/Users/thomas_mchl/.m2/repository/ch/qos/logback/logback-core/1.5.16/logback-core-1.5.16.jar:/Users/thomas_mchl/.m2/repository/org/apache/logging/log4j/log4j-to-slf4j/2.23.1/log4j-to-slf4j-2.23.1.jar:/Users/thomas_mchl/.m2/repository/org/apache/logging/log4j/log4j-api/2.23.1/log4j-api-2.23.1.jar:/Users/thomas_mchl/.m2/repository/org/slf4j/jul-to-slf4j/2.0.16/jul-to-slf4j-2.0.16.jar:/Users/thomas_mchl/.m2/repository/jakarta/annotation/jakarta.annotation-api/2.1.1/jakarta.annotation-api-2.1.1.jar:/Users/thomas_mchl/.m2/repository/org/springframework/boot/spring-boot-actuator-autoconfigure/3.3.8/spring-boot-actuator-autoconfigure-3.3.8.jar:/Users/thomas_mchl/.m2/repository/org/springframework/boot/spring-boot-actuator/3.3.8/spring-boot-actuator-3.3.8.jar:/Users/thomas_mchl/.m2/repository/io/micrometer/micrometer-observation/1.13.10/micrometer-observation-1.13.10.jar:/Users/thomas_mchl/.m2/repository/io/micrometer/micrometer-commons/1.13.10/micrometer-commons-1.13.10.jar:/Users/thomas_mchl/.m2/repository/io/micrometer/micrometer-jakarta9/1.13.10/micrometer-jakarta9-1.13.10.jar:/Users/thomas_mchl/.m2/repository/io/micrometer/micrometer-core/1.13.10/micrometer-core-1.13.10.jar:/Users/thomas_mchl/.m2/repository/org/hdrhistogram/HdrHistogram/2.2.2/HdrHistogram-2.2.2.jar:/Users/thomas_mchl/.m2/repository/org/latencyutils/LatencyUtils/2.0.3/LatencyUtils-2.0.3.jar:/Users/thomas_mchl/.m2/repository/org/springframework/boot/spring-boot-starter-data-jpa/3.3.8/spring-boot-starter-data-jpa-3.3.8.jar:/Users/thomas_mchl/.m2/repository/org/springframework/boot/spring-boot-starter-aop/3.3.8/spring-boot-starter-aop-3.3.8.jar:/Users/thomas_mchl/.m2/repository/org/aspectj/aspectjweaver/1.9.22.1/aspectjweaver-1.9.22.1.jar:/Users/thomas_mchl/.m2/repository/org/springframework/boot/spring-boot-starter-jdbc/3.3.8/spring-boot-starter-jdbc-3.3.8.jar:/Users/thomas_mchl/.m2/repository/com/zaxxer/HikariCP/5.1.0/HikariCP-5.1.0.jar:/Users/thomas_mchl/.m2/repository/org/springframework/spring-jdbc/6.1.16/spring-jdbc-6.1.16.jar:/Users/thomas_mchl/.m2/repository/org/hibernate/orm/hibernate-core/6.5.3.Final/hibernate-core-6.5.3.Final.jar:/Users/thomas_mchl/.m2/repository/jakarta/persistence/jakarta.persistence-api/3.1.0/jakarta.persistence-api-3.1.0.jar:/Users/thomas_mchl/.m2/repository/jakarta/transaction/jakarta.transaction-api/2.0.1/jakarta.transaction-api-2.0.1.jar:/Users/thomas_mchl/.m2/repository/org/jboss/logging/jboss-logging/3.5.3.Final/jboss-logging-3.5.3.Final.jar:/Users/thomas_mchl/.m2/repository/org/hibernate/common/hibernate-commons-annotations/6.0.6.Final/hibernate-commons-annotations-6.0.6.Final.jar:/Users/thomas_mchl/.m2/repository/io/smallrye/jandex/3.1.2/jandex-3.1.2.jar:/Users/thomas_mchl/.m2/repository/com/fasterxml/classmate/1.7.0/classmate-1.7.0.jar:/Users/thomas_mchl/.m2/repository/net/bytebuddy/byte-buddy/1.14.19/byte-buddy-1.14.19.jar:/Users/thomas_mchl/.m2/repository/org/glassfish/jaxb/jaxb-runtime/4.0.5/jaxb-runtime-4.0.5.jar:/Users/thomas_mchl/.m2/repository/org/glassfish/jaxb/jaxb-core/4.0.5/jaxb-core-4.0.5.jar:/Users/thomas_mchl/.m2/repository/org/eclipse/angus/angus-activation/2.0.2/angus-activation-2.0.2.jar:/Users/thomas_mchl/.m2/repository/org/glassfish/jaxb/txw2/4.0.5/txw2-4.0.5.jar:/Users/thomas_mchl/.m2/repository/com/sun/istack/istack-commons-runtime/4.1.2/istack-commons-runtime-4.1.2.jar:/Users/thomas_mchl/.m2/repository/jakarta/inject/jakarta.inject-api/2.0.1/jakarta.inject-api-2.0.1.jar:/Users/thomas_mchl/.m2/repository/org/antlr/antlr4-runtime/4.13.0/antlr4-runtime-4.13.0.jar:/Users/thomas_mchl/.m2/repository/org/springframework/data/spring-data-jpa/3.3.8/spring-data-jpa-3.3.8.jar:/Users/thomas_mchl/.m2/repository/org/springframework/data/spring-data-commons/3.3.8/spring-data-commons-3.3.8.jar:/Users/thomas_mchl/.m2/repository/org/springframework/spring-orm/6.1.16/spring-orm-6.1.16.jar:/Users/thomas_mchl/.m2/repository/org/springframework/spring-context/6.1.16/spring-context-6.1.16.jar:/Users/thomas_mchl/.m2/repository/org/springframework/spring-tx/6.1.16/spring-tx-6.1.16.jar:/Users/thomas_mchl/.m2/repository/org/springframework/spring-beans/6.1.16/spring-beans-6.1.16.jar:/Users/thomas_mchl/.m2/repository/org/springframework/spring-aspects/6.1.16/spring-aspects-6.1.16.jar:/Users/thomas_mchl/.m2/repository/org/springframework/boot/spring-boot-starter-security/3.3.8/spring-boot-starter-security-3.3.8.jar:/Users/thomas_mchl/.m2/repository/org/springframework/spring-aop/6.1.16/spring-aop-6.1.16.jar:/Users/thomas_mchl/.m2/repository/org/springframework/security/spring-security-config/6.3.6/spring-security-config-6.3.6.jar:/Users/thomas_mchl/.m2/repository/org/springframework/security/spring-security-web/6.3.6/spring-security-web-6.3.6.jar:/Users/thomas_mchl/.m2/repository/org/springframework/spring-expression/6.1.16/spring-expression-6.1.16.jar:/Users/thomas_mchl/.m2/repository/org/springframework/boot/spring-boot-starter-web/3.3.8/spring-boot-starter-web-3.3.8.jar:/Users/thomas_mchl/.m2/repository/org/springframework/boot/spring-boot-starter-json/3.3.8/spring-boot-starter-json-3.3.8.jar:/Users/thomas_mchl/.m2/repository/com/fasterxml/jackson/datatype/jackson-datatype-jdk8/2.17.3/jackson-datatype-jdk8-2.17.3.jar:/Users/thomas_mchl/.m2/repository/com/fasterxml/jackson/module/jackson-module-parameter-names/2.17.3/jackson-module-parameter-names-2.17.3.jar:/Users/thomas_mchl/.m2/repository/org/springframework/boot/spring-boot-starter-tomcat/3.3.8/spring-boot-starter-tomcat-3.3.8.jar:/Users/thomas_mchl/.m2/repository/org/apache/tomcat/embed/tomcat-embed-core/10.1.34/tomcat-embed-core-10.1.34.jar:/Users/thomas_mchl/.m2/repository/org/apache/tomcat/embed/tomcat-embed-el/10.1.34/tomcat-embed-el-10.1.34.jar:/Users/thomas_mchl/.m2/repository/org/apache/tomcat/embed/tomcat-embed-websocket/10.1.34/tomcat-embed-websocket-10.1.34.jar:/Users/thomas_mchl/.m2/repository/org/springframework/spring-web/6.1.16/spring-web-6.1.16.jar:/Users/thomas_mchl/.m2/repository/org/springframework/spring-webmvc/6.1.16/spring-webmvc-6.1.16.jar:/Users/thomas_mchl/.m2/repository/ai/timefold/solver/timefold-solver-spring-boot-starter/1.19.0/timefold-solver-spring-boot-starter-1.19.0.jar:/Users/thomas_mchl/.m2/repository/ai/timefold/solver/timefold-solver-spring-boot-autoconfigure/1.19.0/timefold-solver-spring-boot-autoconfigure-1.19.0.jar:/Users/thomas_mchl/.m2/repository/org/jspecify/jspecify/0.3.0/jspecify-0.3.0.jar:/Users/thomas_mchl/.m2/repository/ai/timefold/solver/timefold-solver-core/1.19.0/timefold-solver-core-1.19.0.jar:/Users/thomas_mchl/.m2/repository/org/apache/commons/commons-math3/3.6.1/commons-math3-3.6.1.jar:/Users/thomas_mchl/.m2/repository/ai/timefold/solver/timefold-solver-jackson/1.19.0/timefold-solver-jackson-1.19.0.jar:/Users/thomas_mchl/.m2/repository/ai/timefold/solver/timefold-solver-persistence-common/1.19.0/timefold-solver-persistence-common-1.19.0.jar:/Users/thomas_mchl/.m2/repository/com/fasterxml/jackson/core/jackson-core/2.17.3/jackson-core-2.17.3.jar:/Users/thomas_mchl/.m2/repository/org/liquibase/liquibase-core/4.27.0/liquibase-core-4.27.0.jar:/Users/thomas_mchl/.m2/repository/com/opencsv/opencsv/5.9/opencsv-5.9.jar:/Users/thomas_mchl/.m2/repository/org/apache/commons/commons-text/1.11.0/commons-text-1.11.0.jar:/Users/thomas_mchl/.m2/repository/org/apache/commons/commons-collections4/4.4/commons-collections4-4.4.jar:/Users/thomas_mchl/.m2/repository/org/yaml/snakeyaml/2.2/snakeyaml-2.2.jar:/Users/thomas_mchl/.m2/repository/javax/xml/bind/jaxb-api/2.3.1/jaxb-api-2.3.1.jar:/Users/thomas_mchl/.m2/repository/org/apache/commons/commons-lang3/3.14.0/commons-lang3-3.14.0.jar:/Users/thomas_mchl/.m2/repository/org/springdoc/springdoc-openapi-starter-webmvc-ui/2.3.0/springdoc-openapi-starter-webmvc-ui-2.3.0.jar:/Users/thomas_mchl/.m2/repository/org/springdoc/springdoc-openapi-starter-webmvc-api/2.3.0/springdoc-openapi-starter-webmvc-api-2.3.0.jar:/Users/thomas_mchl/.m2/repository/org/springdoc/springdoc-openapi-starter-common/2.3.0/springdoc-openapi-starter-common-2.3.0.jar:/Users/thomas_mchl/.m2/repository/org/webjars/swagger-ui/5.10.3/swagger-ui-5.10.3.jar:/Users/thomas_mchl/.m2/repository/org/mapstruct/mapstruct/1.5.5.Final/mapstruct-1.5.5.Final.jar:/Users/thomas_mchl/.m2/repository/io/swagger/core/v3/swagger-core-jakarta/2.2.19/swagger-core-jakarta-2.2.19.jar:/Users/thomas_mchl/.m2/repository/org/slf4j/slf4j-api/2.0.16/slf4j-api-2.0.16.jar:/Users/thomas_mchl/.m2/repository/jakarta/xml/bind/jakarta.xml.bind-api/4.0.2/jakarta.xml.bind-api-4.0.2.jar:/Users/thomas_mchl/.m2/repository/jakarta/activation/jakarta.activation-api/2.1.3/jakarta.activation-api-2.1.3.jar:/Users/thomas_mchl/.m2/repository/jakarta/validation/jakarta.validation-api/3.0.2/jakarta.validation-api-3.0.2.jar:/Users/thomas_mchl/.m2/repository/com/fasterxml/jackson/core/jackson-annotations/2.17.3/jackson-annotations-2.17.3.jar:/Users/thomas_mchl/.m2/repository/com/fasterxml/jackson/core/jackson-databind/2.17.3/jackson-databind-2.17.3.jar:/Users/thomas_mchl/.m2/repository/com/fasterxml/jackson/dataformat/jackson-dataformat-yaml/2.17.3/jackson-dataformat-yaml-2.17.3.jar:/Users/thomas_mchl/.m2/repository/com/fasterxml/jackson/datatype/jackson-datatype-jsr310/2.17.3/jackson-datatype-jsr310-2.17.3.jar:/Users/thomas_mchl/.m2/repository/io/swagger/core/v3/swagger-annotations-jakarta/2.2.19/swagger-annotations-jakarta-2.2.19.jar:/Users/thomas_mchl/.m2/repository/io/swagger/core/v3/swagger-models-jakarta/2.2.19/swagger-models-jakarta-2.2.19.jar:/Users/thomas_mchl/.m2/repository/com/h2database/h2/2.2.224/h2-2.2.224.jar:/Users/thomas_mchl/.m2/repository/org/postgresql/postgresql/42.7.5/postgresql-42.7.5.jar:/Users/thomas_mchl/.m2/repository/org/checkerframework/checker-qual/3.48.3/checker-qual-3.48.3.jar:/Users/thomas_mchl/.m2/repository/org/projectlombok/lombok/1.18.36/lombok-1.18.36.jar:/Users/thomas_mchl/.m2/repository/org/springframework/boot/spring-boot-starter-test/3.3.8/spring-boot-starter-test-3.3.8.jar:/Users/thomas_mchl/.m2/repository/org/springframework/boot/spring-boot-test/3.3.8/spring-boot-test-3.3.8.jar:/Users/thomas_mchl/.m2/repository/org/springframework/boot/spring-boot-test-autoconfigure/3.3.8/spring-boot-test-autoconfigure-3.3.8.jar:/Users/thomas_mchl/.m2/repository/com/jayway/jsonpath/json-path/2.9.0/json-path-2.9.0.jar:/Users/thomas_mchl/.m2/repository/net/minidev/json-smart/2.5.1/json-smart-2.5.1.jar:/Users/thomas_mchl/.m2/repository/net/minidev/accessors-smart/2.5.1/accessors-smart-2.5.1.jar:/Users/thomas_mchl/.m2/repository/org/ow2/asm/asm/9.6/asm-9.6.jar:/Users/thomas_mchl/.m2/repository/org/assertj/assertj-core/3.25.3/assertj-core-3.25.3.jar:/Users/thomas_mchl/.m2/repository/org/awaitility/awaitility/4.2.2/awaitility-4.2.2.jar:/Users/thomas_mchl/.m2/repository/org/hamcrest/hamcrest/2.2/hamcrest-2.2.jar:/Users/thomas_mchl/.m2/repository/org/junit/jupiter/junit-jupiter/5.10.5/junit-jupiter-5.10.5.jar:/Users/thomas_mchl/.m2/repository/org/junit/jupiter/junit-jupiter-api/5.10.5/junit-jupiter-api-5.10.5.jar:/Users/thomas_mchl/.m2/repository/org/opentest4j/opentest4j/1.3.0/opentest4j-1.3.0.jar:/Users/thomas_mchl/.m2/repository/org/junit/platform/junit-platform-commons/1.10.5/junit-platform-commons-1.10.5.jar:/Users/thomas_mchl/.m2/repository/org/apiguardian/apiguardian-api/1.1.2/apiguardian-api-1.1.2.jar:/Users/thomas_mchl/.m2/repository/org/junit/jupiter/junit-jupiter-params/5.10.5/junit-jupiter-params-5.10.5.jar:/Users/thomas_mchl/.m2/repository/org/junit/jupiter/junit-jupiter-engine/5.10.5/junit-jupiter-engine-5.10.5.jar:/Users/thomas_mchl/.m2/repository/org/junit/platform/junit-platform-engine/1.10.5/junit-platform-engine-1.10.5.jar:/Users/thomas_mchl/.m2/repository/org/mockito/mockito-core/5.11.0/mockito-core-5.11.0.jar:/Users/thomas_mchl/.m2/repository/net/bytebuddy/byte-buddy-agent/1.14.19/byte-buddy-agent-1.14.19.jar:/Users/thomas_mchl/.m2/repository/org/objenesis/objenesis/3.3/objenesis-3.3.jar:/Users/thomas_mchl/.m2/repository/org/mockito/mockito-junit-jupiter/5.11.0/mockito-junit-jupiter-5.11.0.jar:/Users/thomas_mchl/.m2/repository/org/skyscreamer/jsonassert/1.5.3/jsonassert-1.5.3.jar:/Users/thomas_mchl/.m2/repository/com/vaadin/external/google/android-json/0.0.20131108.vaadin1/android-json-0.0.20131108.vaadin1.jar:/Users/thomas_mchl/.m2/repository/org/springframework/spring-core/6.1.16/spring-core-6.1.16.jar:/Users/thomas_mchl/.m2/repository/org/springframework/spring-jcl/6.1.16/spring-jcl-6.1.16.jar:/Users/thomas_mchl/.m2/repository/org/springframework/spring-test/6.1.16/spring-test-6.1.16.jar:/Users/thomas_mchl/.m2/repository/org/xmlunit/xmlunit-core/2.9.1/xmlunit-core-2.9.1.jar:/Users/thomas_mchl/.m2/repository/org/springframework/security/spring-security-test/6.3.6/spring-security-test-6.3.6.jar:/Users/thomas_mchl/.m2/repository/org/springframework/security/spring-security-core/6.3.6/spring-security-core-6.3.6.jar:/Users/thomas_mchl/.m2/repository/org/springframework/security/spring-security-crypto/6.3.6/spring-security-crypto-6.3.6.jar:"/>
    <property name="java.vm.vendor" value="Homebrew"/>
    <property name="sun.arch.data.model" value="64"/>
    <property name="java.vendor.url" value="https://github.com/Homebrew/homebrew-core/issues"/>
    <property name="user.timezone" value="Europe/Paris"/>
    <property name="org.jboss.logging.provider" value="slf4j"/>
    <property name="os.name" value="Mac OS X"/>
    <property name="java.vm.specification.version" value="21"/>
    <property name="sun.java.launcher" value="SUN_STANDARD"/>
    <property name="user.country" value="FR"/>
    <property name="sun.boot.library.path" value="/opt/homebrew/Cellar/openjdk/21.0.2/libexec/openjdk.jdk/Contents/Home/lib"/>
    <property name="sun.java.command" value="/Users/thomas_mchl/IdeaProjects/crazy_charly_day_2025/serveur/target/surefire/surefirebooter-20250213181230468_3.jar /Users/thomas_mchl/IdeaProjects/crazy_charly_day_2025/serveur/target/surefire 2025-02-13T18-12-30_399-jvmRun1 surefire-20250213181230468_1tmp surefire_0-20250213181230468_2tmp"/>
    <property name="http.nonProxyHosts" value="local|*.local|169.254/16|*.169.254/16"/>
    <property name="jdk.debug" value="release"/>
    <property name="surefire.test.class.path" value="/Users/thomas_mchl/IdeaProjects/crazy_charly_day_2025/serveur/target/test-classes:/Users/thomas_mchl/IdeaProjects/crazy_charly_day_2025/serveur/target/classes:/Users/thomas_mchl/.m2/repository/org/springframework/boot/spring-boot-starter-actuator/3.3.8/spring-boot-starter-actuator-3.3.8.jar:/Users/thomas_mchl/.m2/repository/org/springframework/boot/spring-boot-starter/3.3.8/spring-boot-starter-3.3.8.jar:/Users/thomas_mchl/.m2/repository/org/springframework/boot/spring-boot/3.3.8/spring-boot-3.3.8.jar:/Users/thomas_mchl/.m2/repository/org/springframework/boot/spring-boot-autoconfigure/3.3.8/spring-boot-autoconfigure-3.3.8.jar:/Users/thomas_mchl/.m2/repository/org/springframework/boot/spring-boot-starter-logging/3.3.8/spring-boot-starter-logging-3.3.8.jar:/Users/thomas_mchl/.m2/repository/ch/qos/logback/logback-classic/1.5.16/logback-classic-1.5.16.jar:/Users/thomas_mchl/.m2/repository/ch/qos/logback/logback-core/1.5.16/logback-core-1.5.16.jar:/Users/thomas_mchl/.m2/repository/org/apache/logging/log4j/log4j-to-slf4j/2.23.1/log4j-to-slf4j-2.23.1.jar:/Users/thomas_mchl/.m2/repository/org/apache/logging/log4j/log4j-api/2.23.1/log4j-api-2.23.1.jar:/Users/thomas_mchl/.m2/repository/org/slf4j/jul-to-slf4j/2.0.16/jul-to-slf4j-2.0.16.jar:/Users/thomas_mchl/.m2/repository/jakarta/annotation/jakarta.annotation-api/2.1.1/jakarta.annotation-api-2.1.1.jar:/Users/thomas_mchl/.m2/repository/org/springframework/boot/spring-boot-actuator-autoconfigure/3.3.8/spring-boot-actuator-autoconfigure-3.3.8.jar:/Users/thomas_mchl/.m2/repository/org/springframework/boot/spring-boot-actuator/3.3.8/spring-boot-actuator-3.3.8.jar:/Users/thomas_mchl/.m2/repository/io/micrometer/micrometer-observation/1.13.10/micrometer-observation-1.13.10.jar:/Users/thomas_mchl/.m2/repository/io/micrometer/micrometer-commons/1.13.10/micrometer-commons-1.13.10.jar:/Users/thomas_mchl/.m2/repository/io/micrometer/micrometer-jakarta9/1.13.10/micrometer-jakarta9-1.13.10.jar:/Users/thomas_mchl/.m2/repository/io/micrometer/micrometer-core/1.13.10/micrometer-core-1.13.10.jar:/Users/thomas_mchl/.m2/repository/org/hdrhistogram/HdrHistogram/2.2.2/HdrHistogram-2.2.2.jar:/Users/thomas_mchl/.m2/repository/org/latencyutils/LatencyUtils/2.0.3/LatencyUtils-2.0.3.jar:/Users/thomas_mchl/.m2/repository/org/springframework/boot/spring-boot-starter-data-jpa/3.3.8/spring-boot-starter-data-jpa-3.3.8.jar:/Users/thomas_mchl/.m2/repository/org/springframework/boot/spring-boot-starter-aop/3.3.8/spring-boot-starter-aop-3.3.8.jar:/Users/thomas_mchl/.m2/repository/org/aspectj/aspectjweaver/1.9.22.1/aspectjweaver-1.9.22.1.jar:/Users/thomas_mchl/.m2/repository/org/springframework/boot/spring-boot-starter-jdbc/3.3.8/spring-boot-starter-jdbc-3.3.8.jar:/Users/thomas_mchl/.m2/repository/com/zaxxer/HikariCP/5.1.0/HikariCP-5.1.0.jar:/Users/thomas_mchl/.m2/repository/org/springframework/spring-jdbc/6.1.16/spring-jdbc-6.1.16.jar:/Users/thomas_mchl/.m2/repository/org/hibernate/orm/hibernate-core/6.5.3.Final/hibernate-core-6.5.3.Final.jar:/Users/thomas_mchl/.m2/repository/jakarta/persistence/jakarta.persistence-api/3.1.0/jakarta.persistence-api-3.1.0.jar:/Users/thomas_mchl/.m2/repository/jakarta/transaction/jakarta.transaction-api/2.0.1/jakarta.transaction-api-2.0.1.jar:/Users/thomas_mchl/.m2/repository/org/jboss/logging/jboss-logging/3.5.3.Final/jboss-logging-3.5.3.Final.jar:/Users/thomas_mchl/.m2/repository/org/hibernate/common/hibernate-commons-annotations/6.0.6.Final/hibernate-commons-annotations-6.0.6.Final.jar:/Users/thomas_mchl/.m2/repository/io/smallrye/jandex/3.1.2/jandex-3.1.2.jar:/Users/thomas_mchl/.m2/repository/com/fasterxml/classmate/1.7.0/classmate-1.7.0.jar:/Users/thomas_mchl/.m2/repository/net/bytebuddy/byte-buddy/1.14.19/byte-buddy-1.14.19.jar:/Users/thomas_mchl/.m2/repository/org/glassfish/jaxb/jaxb-runtime/4.0.5/jaxb-runtime-4.0.5.jar:/Users/thomas_mchl/.m2/repository/org/glassfish/jaxb/jaxb-core/4.0.5/jaxb-core-4.0.5.jar:/Users/thomas_mchl/.m2/repository/org/eclipse/angus/angus-activation/2.0.2/angus-activation-2.0.2.jar:/Users/thomas_mchl/.m2/repository/org/glassfish/jaxb/txw2/4.0.5/txw2-4.0.5.jar:/Users/thomas_mchl/.m2/repository/com/sun/istack/istack-commons-runtime/4.1.2/istack-commons-runtime-4.1.2.jar:/Users/thomas_mchl/.m2/repository/jakarta/inject/jakarta.inject-api/2.0.1/jakarta.inject-api-2.0.1.jar:/Users/thomas_mchl/.m2/repository/org/antlr/antlr4-runtime/4.13.0/antlr4-runtime-4.13.0.jar:/Users/thomas_mchl/.m2/repository/org/springframework/data/spring-data-jpa/3.3.8/spring-data-jpa-3.3.8.jar:/Users/thomas_mchl/.m2/repository/org/springframework/data/spring-data-commons/3.3.8/spring-data-commons-3.3.8.jar:/Users/thomas_mchl/.m2/repository/org/springframework/spring-orm/6.1.16/spring-orm-6.1.16.jar:/Users/thomas_mchl/.m2/repository/org/springframework/spring-context/6.1.16/spring-context-6.1.16.jar:/Users/thomas_mchl/.m2/repository/org/springframework/spring-tx/6.1.16/spring-tx-6.1.16.jar:/Users/thomas_mchl/.m2/repository/org/springframework/spring-beans/6.1.16/spring-beans-6.1.16.jar:/Users/thomas_mchl/.m2/repository/org/springframework/spring-aspects/6.1.16/spring-aspects-6.1.16.jar:/Users/thomas_mchl/.m2/repository/org/springframework/boot/spring-boot-starter-security/3.3.8/spring-boot-starter-security-3.3.8.jar:/Users/thomas_mchl/.m2/repository/org/springframework/spring-aop/6.1.16/spring-aop-6.1.16.jar:/Users/thomas_mchl/.m2/repository/org/springframework/security/spring-security-config/6.3.6/spring-security-config-6.3.6.jar:/Users/thomas_mchl/.m2/repository/org/springframework/security/spring-security-web/6.3.6/spring-security-web-6.3.6.jar:/Users/thomas_mchl/.m2/repository/org/springframework/spring-expression/6.1.16/spring-expression-6.1.16.jar:/Users/thomas_mchl/.m2/repository/org/springframework/boot/spring-boot-starter-web/3.3.8/spring-boot-starter-web-3.3.8.jar:/Users/thomas_mchl/.m2/repository/org/springframework/boot/spring-boot-starter-json/3.3.8/spring-boot-starter-json-3.3.8.jar:/Users/thomas_mchl/.m2/repository/com/fasterxml/jackson/datatype/jackson-datatype-jdk8/2.17.3/jackson-datatype-jdk8-2.17.3.jar:/Users/thomas_mchl/.m2/repository/com/fasterxml/jackson/module/jackson-module-parameter-names/2.17.3/jackson-module-parameter-names-2.17.3.jar:/Users/thomas_mchl/.m2/repository/org/springframework/boot/spring-boot-starter-tomcat/3.3.8/spring-boot-starter-tomcat-3.3.8.jar:/Users/thomas_mchl/.m2/repository/org/apache/tomcat/embed/tomcat-embed-core/10.1.34/tomcat-embed-core-10.1.34.jar:/Users/thomas_mchl/.m2/repository/org/apache/tomcat/embed/tomcat-embed-el/10.1.34/tomcat-embed-el-10.1.34.jar:/Users/thomas_mchl/.m2/repository/org/apache/tomcat/embed/tomcat-embed-websocket/10.1.34/tomcat-embed-websocket-10.1.34.jar:/Users/thomas_mchl/.m2/repository/org/springframework/spring-web/6.1.16/spring-web-6.1.16.jar:/Users/thomas_mchl/.m2/repository/org/springframework/spring-webmvc/6.1.16/spring-webmvc-6.1.16.jar:/Users/thomas_mchl/.m2/repository/ai/timefold/solver/timefold-solver-spring-boot-starter/1.19.0/timefold-solver-spring-boot-starter-1.19.0.jar:/Users/thomas_mchl/.m2/repository/ai/timefold/solver/timefold-solver-spring-boot-autoconfigure/1.19.0/timefold-solver-spring-boot-autoconfigure-1.19.0.jar:/Users/thomas_mchl/.m2/repository/org/jspecify/jspecify/0.3.0/jspecify-0.3.0.jar:/Users/thomas_mchl/.m2/repository/ai/timefold/solver/timefold-solver-core/1.19.0/timefold-solver-core-1.19.0.jar:/Users/thomas_mchl/.m2/repository/org/apache/commons/commons-math3/3.6.1/commons-math3-3.6.1.jar:/Users/thomas_mchl/.m2/repository/ai/timefold/solver/timefold-solver-jackson/1.19.0/timefold-solver-jackson-1.19.0.jar:/Users/thomas_mchl/.m2/repository/ai/timefold/solver/timefold-solver-persistence-common/1.19.0/timefold-solver-persistence-common-1.19.0.jar:/Users/thomas_mchl/.m2/repository/com/fasterxml/jackson/core/jackson-core/2.17.3/jackson-core-2.17.3.jar:/Users/thomas_mchl/.m2/repository/org/liquibase/liquibase-core/4.27.0/liquibase-core-4.27.0.jar:/Users/thomas_mchl/.m2/repository/com/opencsv/opencsv/5.9/opencsv-5.9.jar:/Users/thomas_mchl/.m2/repository/org/apache/commons/commons-text/1.11.0/commons-text-1.11.0.jar:/Users/thomas_mchl/.m2/repository/org/apache/commons/commons-collections4/4.4/commons-collections4-4.4.jar:/Users/thomas_mchl/.m2/repository/org/yaml/snakeyaml/2.2/snakeyaml-2.2.jar:/Users/thomas_mchl/.m2/repository/javax/xml/bind/jaxb-api/2.3.1/jaxb-api-2.3.1.jar:/Users/thomas_mchl/.m2/repository/org/apache/commons/commons-lang3/3.14.0/commons-lang3-3.14.0.jar:/Users/thomas_mchl/.m2/repository/org/springdoc/springdoc-openapi-starter-webmvc-ui/2.3.0/springdoc-openapi-starter-webmvc-ui-2.3.0.jar:/Users/thomas_mchl/.m2/repository/org/springdoc/springdoc-openapi-starter-webmvc-api/2.3.0/springdoc-openapi-starter-webmvc-api-2.3.0.jar:/Users/thomas_mchl/.m2/repository/org/springdoc/springdoc-openapi-starter-common/2.3.0/springdoc-openapi-starter-common-2.3.0.jar:/Users/thomas_mchl/.m2/repository/org/webjars/swagger-ui/5.10.3/swagger-ui-5.10.3.jar:/Users/thomas_mchl/.m2/repository/org/mapstruct/mapstruct/1.5.5.Final/mapstruct-1.5.5.Final.jar:/Users/thomas_mchl/.m2/repository/io/swagger/core/v3/swagger-core-jakarta/2.2.19/swagger-core-jakarta-2.2.19.jar:/Users/thomas_mchl/.m2/repository/org/slf4j/slf4j-api/2.0.16/slf4j-api-2.0.16.jar:/Users/thomas_mchl/.m2/repository/jakarta/xml/bind/jakarta.xml.bind-api/4.0.2/jakarta.xml.bind-api-4.0.2.jar:/Users/thomas_mchl/.m2/repository/jakarta/activation/jakarta.activation-api/2.1.3/jakarta.activation-api-2.1.3.jar:/Users/thomas_mchl/.m2/repository/jakarta/validation/jakarta.validation-api/3.0.2/jakarta.validation-api-3.0.2.jar:/Users/thomas_mchl/.m2/repository/com/fasterxml/jackson/core/jackson-annotations/2.17.3/jackson-annotations-2.17.3.jar:/Users/thomas_mchl/.m2/repository/com/fasterxml/jackson/core/jackson-databind/2.17.3/jackson-databind-2.17.3.jar:/Users/thomas_mchl/.m2/repository/com/fasterxml/jackson/dataformat/jackson-dataformat-yaml/2.17.3/jackson-dataformat-yaml-2.17.3.jar:/Users/thomas_mchl/.m2/repository/com/fasterxml/jackson/datatype/jackson-datatype-jsr310/2.17.3/jackson-datatype-jsr310-2.17.3.jar:/Users/thomas_mchl/.m2/repository/io/swagger/core/v3/swagger-annotations-jakarta/2.2.19/swagger-annotations-jakarta-2.2.19.jar:/Users/thomas_mchl/.m2/repository/io/swagger/core/v3/swagger-models-jakarta/2.2.19/swagger-models-jakarta-2.2.19.jar:/Users/thomas_mchl/.m2/repository/com/h2database/h2/2.2.224/h2-2.2.224.jar:/Users/thomas_mchl/.m2/repository/org/postgresql/postgresql/42.7.5/postgresql-42.7.5.jar:/Users/thomas_mchl/.m2/repository/org/checkerframework/checker-qual/3.48.3/checker-qual-3.48.3.jar:/Users/thomas_mchl/.m2/repository/org/projectlombok/lombok/1.18.36/lombok-1.18.36.jar:/Users/thomas_mchl/.m2/repository/org/springframework/boot/spring-boot-starter-test/3.3.8/spring-boot-starter-test-3.3.8.jar:/Users/thomas_mchl/.m2/repository/org/springframework/boot/spring-boot-test/3.3.8/spring-boot-test-3.3.8.jar:/Users/thomas_mchl/.m2/repository/org/springframework/boot/spring-boot-test-autoconfigure/3.3.8/spring-boot-test-autoconfigure-3.3.8.jar:/Users/thomas_mchl/.m2/repository/com/jayway/jsonpath/json-path/2.9.0/json-path-2.9.0.jar:/Users/thomas_mchl/.m2/repository/net/minidev/json-smart/2.5.1/json-smart-2.5.1.jar:/Users/thomas_mchl/.m2/repository/net/minidev/accessors-smart/2.5.1/accessors-smart-2.5.1.jar:/Users/thomas_mchl/.m2/repository/org/ow2/asm/asm/9.6/asm-9.6.jar:/Users/thomas_mchl/.m2/repository/org/assertj/assertj-core/3.25.3/assertj-core-3.25.3.jar:/Users/thomas_mchl/.m2/repository/org/awaitility/awaitility/4.2.2/awaitility-4.2.2.jar:/Users/thomas_mchl/.m2/repository/org/hamcrest/hamcrest/2.2/hamcrest-2.2.jar:/Users/thomas_mchl/.m2/repository/org/junit/jupiter/junit-jupiter/5.10.5/junit-jupiter-5.10.5.jar:/Users/thomas_mchl/.m2/repository/org/junit/jupiter/junit-jupiter-api/5.10.5/junit-jupiter-api-5.10.5.jar:/Users/thomas_mchl/.m2/repository/org/opentest4j/opentest4j/1.3.0/opentest4j-1.3.0.jar:/Users/thomas_mchl/.m2/repository/org/junit/platform/junit-platform-commons/1.10.5/junit-platform-commons-1.10.5.jar:/Users/thomas_mchl/.m2/repository/org/apiguardian/apiguardian-api/1.1.2/apiguardian-api-1.1.2.jar:/Users/thomas_mchl/.m2/repository/org/junit/jupiter/junit-jupiter-params/5.10.5/junit-jupiter-params-5.10.5.jar:/Users/thomas_mchl/.m2/repository/org/junit/jupiter/junit-jupiter-engine/5.10.5/junit-jupiter-engine-5.10.5.jar:/Users/thomas_mchl/.m2/repository/org/junit/platform/junit-platform-engine/1.10.5/junit-platform-engine-1.10.5.jar:/Users/thomas_mchl/.m2/repository/org/mockito/mockito-core/5.11.0/mockito-core-5.11.0.jar:/Users/thomas_mchl/.m2/repository/net/bytebuddy/byte-buddy-agent/1.14.19/byte-buddy-agent-1.14.19.jar:/Users/thomas_mchl/.m2/repository/org/objenesis/objenesis/3.3/objenesis-3.3.jar:/Users/thomas_mchl/.m2/repository/org/mockito/mockito-junit-jupiter/5.11.0/mockito-junit-jupiter-5.11.0.jar:/Users/thomas_mchl/.m2/repository/org/skyscreamer/jsonassert/1.5.3/jsonassert-1.5.3.jar:/Users/thomas_mchl/.m2/repository/com/vaadin/external/google/android-json/0.0.20131108.vaadin1/android-json-0.0.20131108.vaadin1.jar:/Users/thomas_mchl/.m2/repository/org/springframework/spring-core/6.1.16/spring-core-6.1.16.jar:/Users/thomas_mchl/.m2/repository/org/springframework/spring-jcl/6.1.16/spring-jcl-6.1.16.jar:/Users/thomas_mchl/.m2/repository/org/springframework/spring-test/6.1.16/spring-test-6.1.16.jar:/Users/thomas_mchl/.m2/repository/org/xmlunit/xmlunit-core/2.9.1/xmlunit-core-2.9.1.jar:/Users/thomas_mchl/.m2/repository/org/springframework/security/spring-security-test/6.3.6/spring-security-test-6.3.6.jar:/Users/thomas_mchl/.m2/repository/org/springframework/security/spring-security-core/6.3.6/spring-security-core-6.3.6.jar:/Users/thomas_mchl/.m2/repository/org/springframework/security/spring-security-crypto/6.3.6/spring-security-crypto-6.3.6.jar:"/>
    <property name="sun.cpu.endian" value="little"/>
    <property name="user.home" value="/Users/thomas_mchl"/>
    <property name="user.language" value="fr"/>
    <property name="java.specification.vendor" value="Oracle Corporation"/>
    <property name="java.version.date" value="2024-01-16"/>
    <property name="java.home" value="/opt/homebrew/Cellar/openjdk/21.0.2/libexec/openjdk.jdk/Contents/Home"/>
    <property name="file.separator" value="/"/>
    <property name="basedir" value="/Users/thomas_mchl/IdeaProjects/crazy_charly_day_2025/serveur"/>
    <property name="java.vm.compressedOopsMode" value="Zero based"/>
    <property name="line.separator" value="&#10;"/>
    <property name="java.vm.specification.vendor" value="Oracle Corporation"/>
    <property name="java.specification.name" value="Java Platform API Specification"/>
    <property name="FILE_LOG_CHARSET" value="UTF-8"/>
    <property name="java.awt.headless" value="true"/>
    <property name="apple.awt.application.name" value="ForkedBooter"/>
    <property name="surefire.real.class.path" value="/Users/thomas_mchl/IdeaProjects/crazy_charly_day_2025/serveur/target/surefire/surefirebooter-20250213181230468_3.jar"/>
    <property name="sun.management.compiler" value="HotSpot 64-Bit Tiered Compilers"/>
    <property name="ftp.nonProxyHosts" value="local|*.local|169.254/16|*.169.254/16"/>
    <property name="java.runtime.version" value="21.0.2"/>
    <property name="user.name" value="thomas_mchl"/>
    <property name="stdout.encoding" value="UTF-8"/>
    <property name="path.separator" value=":"/>
    <property name="os.version" value="13.2"/>
    <property name="java.runtime.name" value="OpenJDK Runtime Environment"/>
    <property name="file.encoding" value="UTF-8"/>
    <property name="java.vm.name" value="OpenJDK 64-Bit Server VM"/>
    <property name="java.vendor.version" value="Homebrew"/>
    <property name="localRepository" value="/Users/thomas_mchl/.m2/repository"/>
    <property name="java.vendor.url.bug" value="https://github.com/Homebrew/homebrew-core/issues"/>
    <property name="java.io.tmpdir" value="/var/folders/ng/0v9dxtlj5db1rszdbdgxl2gm0000gn/T/"/>
    <property name="com.zaxxer.hikari.pool_number" value="1"/>
    <property name="java.version" value="21.0.2"/>
    <property name="user.dir" value="/Users/thomas_mchl/IdeaProjects/crazy_charly_day_2025/serveur"/>
    <property name="os.arch" value="aarch64"/>
    <property name="java.vm.specification.name" value="Java Virtual Machine Specification"/>
    <property name="PID" value="10555"/>
    <property name="CONSOLE_LOG_CHARSET" value="UTF-8"/>
    <property name="native.encoding" value="UTF-8"/>
    <property name="java.library.path" value="/Users/thomas_mchl/Library/Java/Extensions:/Library/Java/Extensions:/Network/Library/Java/Extensions:/System/Library/Java/Extensions:/usr/lib/java:."/>
    <property name="java.vm.info" value="mixed mode, sharing"/>
    <property name="stderr.encoding" value="UTF-8"/>
    <property name="java.vendor" value="Homebrew"/>
    <property name="java.vm.version" value="21.0.2"/>
    <property name="sun.io.unicode.encoding" value="UnicodeBig"/>
    <property name="socksNonProxyHosts" value="local|*.local|169.254/16|*.169.254/16"/>
    <property name="java.class.version" value="65.0"/>
  </properties>
  <testcase name="contextLoads" classname="charlyday.ccd.CcdApplicationTests" time="0.317">
    <system-out><![CDATA[18:12:30.897 [main] INFO org.springframework.test.context.support.AnnotationConfigContextLoaderUtils -- Could not detect default configuration classes for test class [charlyday.ccd.CcdApplicationTests]: CcdApplicationTests does not declare any static, non-private, non-final, nested classes annotated with @Configuration.
18:12:30.955 [main] INFO org.springframework.boot.test.context.SpringBootTestContextBootstrapper -- Found @SpringBootConfiguration charlyday.ccd.CcdApplication for test class charlyday.ccd.CcdApplicationTests

  .   ____          _            __ _ _
 /\\ / ___'_ __ _ _(_)_ __  __ _ \ \ \ \
( ( )\___ | '_ | '_| | '_ \/ _` | \ \ \ \
 \\/  ___)| |_)| | | | | || (_| |  ) ) ) )
  '  |____| .__|_| |_|_| |_\__, | / / / /
 =========|_|==============|___/=/_/_/_/

 :: Spring Boot ::                (v3.3.8)

2025-02-13T18:12:31.145+01:00  INFO 10555 --- [           main] charlyday.ccd.CcdApplicationTests        : Starting CcdApplicationTests using Java 21.0.2 with PID 10555 (started by thomas_mchl in /Users/thomas_mchl/IdeaProjects/crazy_charly_day_2025/serveur)
2025-02-13T18:12:31.146+01:00  INFO 10555 --- [           main] charlyday.ccd.CcdApplicationTests        : No active profile set, falling back to 1 default profile: "default"
2025-02-13T18:12:31.695+01:00  INFO 10555 --- [           main] .s.d.r.c.RepositoryConfigurationDelegate : Bootstrapping Spring Data JPA repositories in DEFAULT mode.
2025-02-13T18:12:31.723+01:00  INFO 10555 --- [           main] .s.d.r.c.RepositoryConfigurationDelegate : Finished Spring Data repository scanning in 23 ms. Found 4 JPA repository interfaces.
2025-02-13T18:12:31.787+01:00  WARN 10555 --- [           main] .s.s.b.a.TimefoldSolverAutoConfiguration : Skipping Timefold loading because there are no @PlanningSolution  or @PlanningEntity annotated classes.
Maybe your annotated classes are not in a subpackage of your @SpringBootApplication annotated class's package.
Maybe move your planning solution and entity classes to your application class's (sub)package (or use @EntityScan).
2025-02-13T18:12:32.300+01:00  INFO 10555 --- [           main] com.zaxxer.hikari.HikariDataSource       : HikariPool-1 - Starting...
2025-02-13T18:12:32.401+01:00  INFO 10555 --- [           main] com.zaxxer.hikari.pool.HikariPool        : HikariPool-1 - Added connection conn0: url=jdbc:h2:mem:367188b5-16a2-4775-aa04-8d610df0f891 user=SA
2025-02-13T18:12:32.407+01:00  INFO 10555 --- [           main] com.zaxxer.hikari.HikariDataSource       : HikariPool-1 - Start completed.
2025-02-13T18:12:32.444+01:00  INFO 10555 --- [           main] liquibase.database                       : Set default schema name to PUBLIC
2025-02-13T18:12:32.599+01:00  INFO 10555 --- [           main] liquibase.changelog                      : Reading resource: db/changelog/RELEASES/00-INIT-UTILISATEURS.xml
2025-02-13T18:12:32.699+01:00  INFO 10555 --- [           main] liquibase.changelog                      : Reading resource: db/changelog/RELEASES/01-INIT-COMPETENCES.xml
2025-02-13T18:12:32.721+01:00  INFO 10555 --- [           main] liquibase.changelog                      : Reading resource: db/changelog/RELEASES/02-INIT-BESOINS.xml
2025-02-13T18:12:32.741+01:00  INFO 10555 --- [           main] liquibase.changelog                      : Reading resource: db/changelog/RELEASES/03-INIT-SALARIE-COMPETENCE.xml
2025-02-13T18:12:32.780+01:00  INFO 10555 --- [           main] liquibase.changelog                      : Creating database history table with name: PUBLIC.DATABASECHANGELOG
2025-02-13T18:12:33.036+01:00  INFO 10555 --- [           main] liquibase.changelog                      : Reading from PUBLIC.DATABASECHANGELOG
2025-02-13T18:12:33.078+01:00  INFO 10555 --- [           main] liquibase.lockservice                    : Successfully acquired change log lock
2025-02-13T18:12:33.079+01:00  INFO 10555 --- [           main] liquibase.command                        : Using deploymentId: 9466753079
2025-02-13T18:12:33.080+01:00  INFO 10555 --- [           main] liquibase.changelog                      : Reading from PUBLIC.DATABASECHANGELOG
2025-02-13T18:12:33.096+01:00  INFO 10555 --- [           main] liquibase.ui                             : Running Changeset: db/changelog/RELEASES/00-INIT-UTILISATEURS.xml::create-utilisateurs::Thomas
2025-02-13T18:12:33.100+01:00  INFO 10555 --- [           main] liquibase.changelog                      : Table utilisateurs created
2025-02-13T18:12:33.101+01:00  INFO 10555 --- [           main] liquibase.changelog                      : New row inserted into utilisateurs
2025-02-13T18:12:33.102+01:00  INFO 10555 --- [           main] liquibase.changelog                      : ChangeSet db/changelog/RELEASES/00-INIT-UTILISATEURS.xml::create-utilisateurs::Thomas ran successfully in 6ms
2025-02-13T18:12:33.105+01:00  INFO 10555 --- [           main] liquibase.ui                             : Running Changeset: db/changelog/RELEASES/01-INIT-COMPETENCES.xml::create-utilisateurs::Thomas
2025-02-13T18:12:33.107+01:00  INFO 10555 --- [           main] liquibase.changelog                      : Table competences created
2025-02-13T18:12:33.107+01:00  INFO 10555 --- [           main] liquibase.changelog                      : New row inserted into competences
2025-02-13T18:12:33.107+01:00  INFO 10555 --- [           main] liquibase.changelog                      : ChangeSet db/changelog/RELEASES/01-INIT-COMPETENCES.xml::create-utilisateurs::Thomas ran successfully in 2ms
2025-02-13T18:12:33.111+01:00  INFO 10555 --- [           main] liquibase.ui                             : Running Changeset: db/changelog/RELEASES/02-INIT-BESOINS.xml::create-utilisateurs::Thomas
2025-02-13T18:12:33.119+01:00  INFO 10555 --- [           main] liquibase.changelog                      : Table besoins created
2025-02-13T18:12:33.120+01:00  INFO 10555 --- [           main] liquibase.changelog                      : New row inserted into besoins
2025-02-13T18:12:33.120+01:00  INFO 10555 --- [           main] liquibase.changelog                      : ChangeSet db/changelog/RELEASES/02-INIT-BESOINS.xml::create-utilisateurs::Thomas ran successfully in 9ms
2025-02-13T18:12:33.121+01:00  INFO 10555 --- [           main] liquibase.ui                             : Running Changeset: db/changelog/RELEASES/03-INIT-SALARIE-COMPETENCE.xml::create-salarie-competence::Thomas
2025-02-13T18:12:33.126+01:00  INFO 10555 --- [           main] liquibase.changelog                      : Table salarie_competences created
2025-02-13T18:12:33.127+01:00  INFO 10555 --- [           main] liquibase.changelog                      : New row inserted into salarie_competences
2025-02-13T18:12:33.127+01:00  INFO 10555 --- [           main] liquibase.changelog                      : ChangeSet db/changelog/RELEASES/03-INIT-SALARIE-COMPETENCE.xml::create-salarie-competence::Thomas ran successfully in 5ms
2025-02-13T18:12:33.131+01:00  INFO 10555 --- [           main] liquibase.util                           : UPDATE SUMMARY
2025-02-13T18:12:33.131+01:00  INFO 10555 --- [           main] liquibase.util                           : Run:                          4
2025-02-13T18:12:33.131+01:00  INFO 10555 --- [           main] liquibase.util                           : Previously run:               0
2025-02-13T18:12:33.131+01:00  INFO 10555 --- [           main] liquibase.util                           : Filtered out:                 0
2025-02-13T18:12:33.131+01:00  INFO 10555 --- [           main] liquibase.util                           : -------------------------------
2025-02-13T18:12:33.131+01:00  INFO 10555 --- [           main] liquibase.util                           : Total change sets:            4
2025-02-13T18:12:33.132+01:00  INFO 10555 --- [           main] liquibase.util                           : Update summary generated
2025-02-13T18:12:33.133+01:00  INFO 10555 --- [           main] liquibase.command                        : Update command completed successfully.
2025-02-13T18:12:33.133+01:00  INFO 10555 --- [           main] liquibase.ui                             : Liquibase: Update has been successful. Rows affected: 8
2025-02-13T18:12:33.134+01:00  INFO 10555 --- [           main] liquibase.lockservice                    : Successfully released change log lock
2025-02-13T18:12:33.134+01:00  INFO 10555 --- [           main] liquibase.command                        : Command execution complete
2025-02-13T18:12:33.202+01:00  INFO 10555 --- [           main] o.hibernate.jpa.internal.util.LogHelper  : HHH000204: Processing PersistenceUnitInfo [name: default]
2025-02-13T18:12:33.236+01:00  INFO 10555 --- [           main] org.hibernate.Version                    : HHH000412: Hibernate ORM core version 6.5.3.Final
2025-02-13T18:12:33.257+01:00  INFO 10555 --- [           main] o.h.c.internal.RegionFactoryInitiator    : HHH000026: Second-level cache disabled
2025-02-13T18:12:33.420+01:00  INFO 10555 --- [           main] o.s.o.j.p.SpringPersistenceUnitInfo      : No LoadTimeWeaver setup: ignoring JPA class transformer
2025-02-13T18:12:33.595+01:00  WARN 10555 --- [           main] org.hibernate.mapping.RootClass          : HHH000038: Composite-id class does not override equals(): charlyday.ccd.SalarieCompetence.SalarieCompetenceKey
2025-02-13T18:12:33.595+01:00  WARN 10555 --- [           main] org.hibernate.mapping.RootClass          : HHH000039: Composite-id class does not override hashCode(): charlyday.ccd.SalarieCompetence.SalarieCompetenceKey
2025-02-13T18:12:33.907+01:00  INFO 10555 --- [           main] o.h.e.t.j.p.i.JtaPlatformInitiator       : HHH000489: No JTA platform available (set 'hibernate.transaction.jta.platform' to enable JTA platform integration)
2025-02-13T18:12:33.908+01:00  INFO 10555 --- [           main] j.LocalContainerEntityManagerFactoryBean : Initialized JPA EntityManagerFactory for persistence unit 'default'
2025-02-13T18:12:34.215+01:00  WARN 10555 --- [           main] JpaBaseConfiguration$JpaWebConfiguration : spring.jpa.open-in-view is enabled by default. Therefore, database queries may be performed during view rendering. Explicitly configure spring.jpa.open-in-view to disable this warning
2025-02-13T18:12:34.234+01:00  WARN 10555 --- [           main] .s.s.UserDetailsServiceAutoConfiguration : 

Using generated security password: 5afe6f24-ecdd-4636-848c-1d82b7a5fc6b

This generated password is for development use only. Your security configuration must be updated before running your application in production.

2025-02-13T18:12:34.245+01:00  INFO 10555 --- [           main] r$InitializeUserDetailsManagerConfigurer : Global AuthenticationManager configured with UserDetailsService bean with name inMemoryUserDetailsManager
2025-02-13T18:12:34.548+01:00  INFO 10555 --- [           main] o.s.b.a.e.web.EndpointLinksResolver      : Exposing 1 endpoint beneath base path '/actuator'
2025-02-13T18:12:34.664+01:00  INFO 10555 --- [           main] o.s.v.b.OptionalValidatorFactoryBean     : Failed to set up a Bean Validation provider: jakarta.validation.NoProviderFoundException: Unable to create a Configuration, because no Jakarta Bean Validation provider could be found. Add a provider like Hibernate Validator (RI) to your classpath.
2025-02-13T18:12:34.970+01:00  INFO 10555 --- [           main] charlyday.ccd.CcdApplicationTests        : Started CcdApplicationTests in 3.947 seconds (process running for 4.449)
]]></system-out>
    <system-err><![CDATA[WARNING: A Java agent has been loaded dynamically (/Users/thomas_mchl/.m2/repository/net/bytebuddy/byte-buddy-agent/1.14.19/byte-buddy-agent-1.14.19.jar)
WARNING: If a serviceability tool is in use, please run with -XX:+EnableDynamicAgentLoading to hide this warning
WARNING: If a serviceability tool is not in use, please run with -Djdk.instrument.traceUsage for more information
WARNING: Dynamic loading of agents will be disallowed by default in a future release
]]></system-err>
  </testcase>
</testsuite>